android/app/build/intermediates/manifest_merge_blame_file/debug/manifest-merger-blame-debug-report.txt
1<?xml version="1.0" encoding="utf-8"?>
2<manifest xmlns:android="http://schemas.android.com/apk/res/android"
3    package="com.budget"
4    android:versionCode="3"
5    android:versionName="1.0" >
6
7    <uses-sdk
8        android:minSdkVersion="21"
9        android:targetSdkVersion="29" />
10
11    <uses-permission android:name="android.permission.SYSTEM_ALERT_WINDOW" />
11-->src/debug/AndroidManifest.xml:5:5-77
11-->src/debug/AndroidManifest.xml:5:22-75
12    <uses-permission android:name="android.permission.INTERNET" />
12-->src/main/AndroidManifest.xml:4:5-67
12-->src/main/AndroidManifest.xml:4:22-64
13    <uses-permission android:name="android.permission.CAMERA" />
13-->src/main/AndroidManifest.xml:6:5-64
13-->src/main/AndroidManifest.xml:6:22-62
14    <uses-permission android:name="android.permission.READ_EXTERNAL_STORAGE" />
14-->src/main/AndroidManifest.xml:7:5-80
14-->src/main/AndroidManifest.xml:7:22-77
15
16    <uses-feature
16-->src/main/AndroidManifest.xml:8:5-85
17        android:name="android.hardware.camera"
17-->src/main/AndroidManifest.xml:8:19-57
18        android:required="false" />
18-->src/main/AndroidManifest.xml:8:58-82
19    <uses-feature
19-->src/main/AndroidManifest.xml:9:5-91
20        android:name="android.hardware.camera.front"
20-->src/main/AndroidManifest.xml:9:19-63
21        android:required="false" />
21-->src/main/AndroidManifest.xml:9:64-88
22
23    <uses-permission android:name="android.permission.ACCESS_WIFI_STATE" />
23-->[com.facebook.flipper:flipper:0.75.1] AndroidManifest.xml:16:5-76
23-->[com.facebook.flipper:flipper:0.75.1] AndroidManifest.xml:16:22-73
24    <uses-permission android:name="android.permission.ACCESS_NETWORK_STATE" />
24-->[:react-native-community_netinfo] AndroidManifest.xml:9:5-79
24-->[:react-native-community_netinfo] AndroidManifest.xml:9:22-76
25
26    <queries>
26-->[:react-native-image-crop-picker] AndroidManifest.xml:10:5-14:15
27        <intent>
27-->[:react-native-image-crop-picker] AndroidManifest.xml:11:9-13:18
28            <action android:name="android.media.action.IMAGE_CAPTURE" />
28-->[:react-native-image-crop-picker] AndroidManifest.xml:12:13-73
28-->[:react-native-image-crop-picker] AndroidManifest.xml:12:21-70
29        </intent>
30    </queries>
31
32    <uses-permission android:name="android.permission.WRITE_EXTERNAL_STORAGE" /> <!-- Required by older versions of Google Play services to create IID tokens -->
32-->[:react-native-image-crop-picker] AndroidManifest.xml:16:5-81
32-->[:react-native-image-crop-picker] AndroidManifest.xml:16:22-78
33    <uses-permission android:name="com.google.android.c2dm.permission.RECEIVE" />
33-->[com.google.android.gms:play-services-iid:17.0.0] AndroidManifest.xml:23:5-82
33-->[com.google.android.gms:play-services-iid:17.0.0] AndroidManifest.xml:23:22-79
34    <uses-permission android:name="com.google.android.finsky.permission.BIND_GET_INSTALL_REFERRER_SERVICE" />
34-->[com.android.installreferrer:installreferrer:1.1.2] AndroidManifest.xml:9:5-110
34-->[com.android.installreferrer:installreferrer:1.1.2] AndroidManifest.xml:9:22-107
35
36    <application
36-->src/main/AndroidManifest.xml:11:5-30:19
37        android:name="com.budget.MainApplication"
37-->src/main/AndroidManifest.xml:12:7-38
38        android:allowBackup="false"
38-->src/main/AndroidManifest.xml:15:7-34
39        android:appComponentFactory="androidx.core.app.CoreComponentFactory"
39-->[androidx.core:core:1.6.0] AndroidManifest.xml:24:18-86
40        android:debuggable="true"
41        android:icon="@mipmap/ic_launcher"
41-->src/main/AndroidManifest.xml:14:7-41
42        android:installLocation="preferExternal"
42-->src/main/AndroidManifest.xml:17:7-47
43        android:label="@string/app_name"
43-->src/main/AndroidManifest.xml:13:7-39
44        android:theme="@style/AppTheme"
44-->src/main/AndroidManifest.xml:18:7-38
45        android:usesCleartextTraffic="true" >
45-->src/main/AndroidManifest.xml:16:7-42
46        <activity android:name="com.facebook.react.devsupport.DevSettingsActivity" />
46-->src/debug/AndroidManifest.xml:12:9-86
46-->src/debug/AndroidManifest.xml:12:19-83
47        <activity
47-->src/main/AndroidManifest.xml:19:7-29:18
48            android:name="com.budget.MainActivity"
48-->src/main/AndroidManifest.xml:20:9-37
49            android:configChanges="keyboard|keyboardHidden|orientation|screenSize|uiMode"
49-->src/main/AndroidManifest.xml:22:9-86
50            android:label="@string/app_name"
50-->src/main/AndroidManifest.xml:21:9-41
51            android:launchMode="singleTask"
51-->src/main/AndroidManifest.xml:23:9-40
52            android:windowSoftInputMode="adjustResize" >
52-->src/main/AndroidManifest.xml:24:9-51
53            <intent-filter>
53-->src/main/AndroidManifest.xml:25:9-28:25
54                <action android:name="android.intent.action.MAIN" />
54-->src/main/AndroidManifest.xml:26:13-65
54-->src/main/AndroidManifest.xml:26:21-62
55
56                <category android:name="android.intent.category.LAUNCHER" />
56-->src/main/AndroidManifest.xml:27:13-73
56-->src/main/AndroidManifest.xml:27:23-70
57            </intent-filter>
58        </activity>
59        <activity android:name="com.masteratul.exceptionhandler.DefaultErrorScreen" >
59-->[:react-native-exception-handler] AndroidManifest.xml:12:9-13:20
59-->[:react-native-exception-handler] AndroidManifest.xml:12:19-84
60        </activity>
61
62        <provider
62-->[:react-native-image-crop-picker] AndroidManifest.xml:19:9-27:20
63            android:name="androidx.core.content.FileProvider"
63-->[:react-native-image-crop-picker] AndroidManifest.xml:20:13-62
64            android:authorities="com.budget.provider"
64-->[:react-native-image-crop-picker] AndroidManifest.xml:21:13-60
65            android:exported="false"
65-->[:react-native-image-crop-picker] AndroidManifest.xml:22:13-37
66            android:grantUriPermissions="true" >
66-->[:react-native-image-crop-picker] AndroidManifest.xml:23:13-47
67            <meta-data
67-->[:react-native-image-crop-picker] AndroidManifest.xml:24:13-26:58
68                android:name="android.support.FILE_PROVIDER_PATHS"
68-->[:react-native-image-crop-picker] AndroidManifest.xml:25:17-67
69                android:resource="@xml/provider_paths" />
69-->[:react-native-image-crop-picker] AndroidManifest.xml:26:17-55
70        </provider>
71
72        <activity
72-->[:react-native-image-crop-picker] AndroidManifest.xml:29:9-31:72
73            android:name="com.yalantis.ucrop.UCropActivity"
73-->[:react-native-image-crop-picker] AndroidManifest.xml:30:13-60
74            android:theme="@style/Theme.AppCompat.Light.NoActionBar" />
74-->[:react-native-image-crop-picker] AndroidManifest.xml:31:13-69
75
76        <provider
76-->[:react-native-image-picker] AndroidManifest.xml:12:9-20:20
77            android:name="com.imagepicker.ImagePickerProvider"
77-->[:react-native-image-picker] AndroidManifest.xml:13:13-63
78            android:authorities="com.budget.imagepickerprovider"
78-->[:react-native-image-picker] AndroidManifest.xml:14:13-71
79            android:exported="false"
79-->[:react-native-image-picker] AndroidManifest.xml:15:13-37
80            android:grantUriPermissions="true" >
80-->[:react-native-image-picker] AndroidManifest.xml:16:13-47
81            <meta-data
81-->[:react-native-image-crop-picker] AndroidManifest.xml:24:13-26:58
82                android:name="android.support.FILE_PROVIDER_PATHS"
82-->[:react-native-image-crop-picker] AndroidManifest.xml:25:17-67
83                android:resource="@xml/imagepicker_provider_paths" />
83-->[:react-native-image-crop-picker] AndroidManifest.xml:26:17-55
84        </provider>
85
86        <activity
86-->[com.google.android.gms:play-services-base:17.0.0] AndroidManifest.xml:23:9-26:75
87            android:name="com.google.android.gms.common.api.GoogleApiActivity"
87-->[com.google.android.gms:play-services-base:17.0.0] AndroidManifest.xml:24:13-79
88            android:exported="false"
88-->[com.google.android.gms:play-services-base:17.0.0] AndroidManifest.xml:25:13-37
89            android:theme="@android:style/Theme.Translucent.NoTitleBar" />
89-->[com.google.android.gms:play-services-base:17.0.0] AndroidManifest.xml:26:13-72
90
91        <meta-data
91-->[com.google.android.gms:play-services-basement:17.0.0] AndroidManifest.xml:23:9-25:69
92            android:name="com.google.android.gms.version"
92-->[com.google.android.gms:play-services-basement:17.0.0] AndroidManifest.xml:24:13-58
93            android:value="@integer/google_play_services_version" />
93-->[com.google.android.gms:play-services-basement:17.0.0] AndroidManifest.xml:25:13-66
94    </application>
95
96</manifest>